20109:C 10 Dec 2020 00:42:42.812 # Fatal error, can't open config file '-C'
20126:C 10 Dec 2020 00:43:15.498 # oO0OoO0OoO0Oo Redis is starting oO0OoO0OoO0Oo
20126:C 10 Dec 2020 00:43:15.498 # Redis version=5.0.5, bits=64, commit=00000000, modified=0, pid=20126, just started
20126:C 10 Dec 2020 00:43:15.498 # Configuration loaded
20126:M 10 Dec 2020 00:43:15.498 * Increased maximum number of open files to 10032 (it was originally set to 1024).
                _._                                                  
           _.-``__ ''-._                                             
      _.-``    `.  `_.  ''-._           Redis 5.0.5 (00000000/0) 64 bit
  .-`` .-```.  ```\/    _.,_ ''-._                                   
 (    '      ,       .-`  | `,    )     Running in standalone mode
 |`-._`-...-` __...-.``-._|'` _.-'|     Port: 6379
 |    `-._   `._    /     _.-'    |     PID: 20126
  `-._    `-._  `-./  _.-'    _.-'                                   
 |`-._`-._    `-.__.-'    _.-'_.-'|                                  
 |    `-._`-._        _.-'_.-'    |           http://redis.io        
  `-._    `-._`-.__.-'_.-'    _.-'                                   
 |`-._`-._    `-.__.-'    _.-'_.-'|                                  
 |    `-._`-._        _.-'_.-'    |                                  
  `-._    `-._`-.__.-'_.-'    _.-'                                   
      `-._    `-.__.-'    _.-'                                       
          `-._        _.-'                                           
              `-.__.-'                                               

20126:M 10 Dec 2020 00:43:15.499 # WARNING: The TCP backlog setting of 511 cannot be enforced because /proc/sys/net/core/somaxconn is set to the lower value of 128.
20126:M 10 Dec 2020 00:43:15.499 # Server initialized
20126:M 10 Dec 2020 00:43:15.499 # WARNING overcommit_memory is set to 0! Background save may fail under low memory condition. To fix this issue add 'vm.overcommit_memory = 1' to /etc/sysctl.conf and then reboot or run the command 'sysctl vm.overcommit_memory=1' for this to take effect.
20126:M 10 Dec 2020 00:43:15.499 # WARNING you have Transparent Huge Pages (THP) support enabled in your kernel. This will create latency and memory usage issues with Redis. To fix this issue run the command 'echo never > /sys/kernel/mm/transparent_hugepage/enabled' as root, and add it to your /etc/rc.local in order to retain the setting after a reboot. Redis must be restarted after THP is disabled.
20126:M 10 Dec 2020 00:43:15.499 * DB loaded from disk: 0.000 seconds
20126:M 10 Dec 2020 00:43:15.499 * Ready to accept connections
20126:M 10 Dec 2020 02:14:15.415 * 1 changes in 900 seconds. Saving...
20126:M 10 Dec 2020 02:14:15.416 * Background saving started by pid 21739
21739:C 10 Dec 2020 02:14:15.417 * DB saved on disk
21739:C 10 Dec 2020 02:14:15.417 * RDB: 0 MB of memory used by copy-on-write
20126:M 10 Dec 2020 02:14:15.517 * Background saving terminated with success
